Found file /home/joao/.bash_history-36385.tmp of size: 54044
Found file /home/joao/.lesshst of size: 28
Found file /home/joao/.python_history of size: 319
Found file /home/joao/.bash_logout of size: 220
Found file /home/joao/.mysql_history of size: 1051
Found file /home/joao/.bashrc of size: 4459
Found file /home/joao/.scapy_history of size: 28672
Found file /home/joao/package-lock.json of size: 29440
Found file /home/joao/.profile of size: 807
Found file /home/joao/.bash_history of size: 63132
Found file /home/joao/package.json of size: 53
Found file /home/joao/.node_repl_history of size: 1109
Found file /home/joao/.gitconfig of size: 54
Found file /home/joao/.bash_history-06912.tmp of size: 61054
Found file /home/joao/.sqlite_history of size: 4549
Found file /home/joao/.steampid of size: 5
Found file /home/joao/.condarc of size: 49
Found file /home/joao/.wget-hsts of size: 171
Found file /home/joao/.sudo_as_admin_successful of size: 0
Found file /home/joao/.coffee_history of size: 23
Found file /home/joao/.packettracer of size: 52
Error: [Errno 2] No such file or directory: '/home/joao/.steampath'
Found file /home/joao/.bash_history-36385.tmp of size: 54044
Found file /home/joao/.lesshst of size: 28
Found file /home/joao/.python_history of size: 319
Found file /home/joao/.bash_logout of size: 220
Found file /home/joao/.mysql_history of size: 1051
Found file /home/joao/.bashrc of size: 4459
Found file /home/joao/.scapy_history of size: 28672
Found file /home/joao/package-lock.json of size: 29440
Found file /home/joao/.profile of size: 807
Found file /home/joao/.bash_history of size: 63132
Found file /home/joao/package.json of size: 53
Found file /home/joao/.node_repl_history of size: 1109
Found file /home/joao/.gitconfig of size: 54
Found file /home/joao/.bash_history-06912.tmp of size: 61054
Found file /home/joao/.sqlite_history of size: 4549
Found file /home/joao/.steampid of size: 5
Found file /home/joao/.condarc of size: 49
Found file /home/joao/.wget-hsts of size: 171
Found file /home/joao/.sudo_as_admin_successful of size: 0
Found file /home/joao/.coffee_history of size: 23
Found file /home/joao/.packettracer of size: 52
Error: [Errno 2] No such file or directory: '/home/joao/.steampath'
Found file /home/joao/.bash_history-36385.tmp of size: 54044
Found file /home/joao/.lesshst of size: 28
Found file /home/joao/.python_history of size: 319
Found file /home/joao/.bash_logout of size: 220
Found file /home/joao/.mysql_history of size: 1051
Found file /home/joao/.bashrc of size: 4459
Found file /home/joao/.scapy_history of size: 28672
Found file /home/joao/package-lock.json of size: 29440
Found file /home/joao/.profile of size: 807
Found file /home/joao/.bash_history of size: 63132
Found file /home/joao/package.json of size: 53
Found file /home/joao/.node_repl_history of size: 1109
Found file /home/joao/.gitconfig of size: 54
Found file /home/joao/.bash_history-06912.tmp of size: 61054
Found file /home/joao/.sqlite_history of size: 4549
Found file /home/joao/.steampid of size: 5
Found file /home/joao/.condarc of size: 49
Found file /home/joao/.wget-hsts of size: 171
Found file /home/joao/.sudo_as_admin_successful of size: 0
Found file /home/joao/.coffee_history of size: 23
Found file /home/joao/.packettracer of size: 52
Error: [Errno 2] No such file or directory: '/home/joao/.steampath'
Found file /home/joao/.bash_history-36385.tmp of size: 54044
Found file /home/joao/.lesshst of size: 28
Found file /home/joao/.python_history of size: 319
Found file /home/joao/.bash_logout of size: 220
Found file /home/joao/.mysql_history of size: 1051
Found file /home/joao/.bashrc of size: 4459
Found file /home/joao/.scapy_history of size: 28672
Found file /home/joao/package-lock.json of size: 29440
Found file /home/joao/.profile of size: 807
Found file /home/joao/.bash_history of size: 63132
Found file /home/joao/package.json of size: 53
Found file /home/joao/.node_repl_history of size: 1109
